<?xml version="1.0" encoding="UTF-8"?>
<!-- Generated by org.testng.reporters.JUnitReportReporter -->
<testsuite hostname="badanekai" name="com.propertyfinder.testcases.findproperty" tests="1" failures="0" timestamp="24 Jul 2016 18:37:19 GMT" time="46.948" errors="0">
  <testcase name="propertyfinder" time="46.948" classname="com.propertyfinder.testcases.findproperty"/>
</testsuite> <!-- com.propertyfinder.testcases.findproperty -->
